ERROR [org.apache.jsp.META_002dINF.views.framework.panic_jsp] HTTP POST /acme-incubator/META-INF/views/framework/page.jsp HTTP/1.1
ERROR [org.apache.jsp.META_002dINF.views.framework.panic_jsp] Status: 500
ERROR [org.apache.jsp.META_002dINF.views.framework.panic_jsp] Exception: acme.framework.helpers.Assert.state(Assert.java:40): End-point not available
ERROR [org.apache.jsp.META_002dINF.views.framework.panic_jsp] HTTP POST /acme-incubator/META-INF/views/framework/page.jsp HTTP/1.1
ERROR [org.apache.jsp.META_002dINF.views.framework.panic_jsp] Status: 500
ERROR [org.apache.jsp.META_002dINF.views.framework.panic_jsp] Exception: acme.framework.helpers.Assert.state(Assert.java:40): End-point not available
ERROR [org.apache.catalina.core.ContainerBase.[Tomcat].[localhost].[/acme-incubator].[jsp]] at org.apache.jasper.compiler.DefaultErrorHandler.jspError(DefaultErrorHandler.java:42): /META-INF/views/administrator/notice/form.jsp (line: [22], column: [59]) equal symbol expected
ERROR [org.apache.catalina.core.ContainerBase.[Tomcat].[localhost].[/acme-incubator].[jsp]] at org.apache.tiles.request.servlet.ServletUtil.wrapServletException(ServletUtil.java:63): JSPException including path '../administrator/notice/form.jsp'.
at org.apache.jasper.compiler.DefaultErrorHandler.jspError(DefaultErrorHandler.java:42): /META-INF/views/administrator/notice/form.jsp (line: [22], column: [59]) equal symbol expected
ERROR [org.apache.catalina.core.ContainerBase.[Tomcat].[localhost].[/acme-incubator].[dispatcherServlet]] at org.apache.jasper.compiler.DefaultErrorHandler.jspError(DefaultErrorHandler.java:42): /META-INF/views/administrator/notice/form.jsp (line: [22], column: [59]) equal symbol expected
ERROR [org.apache.jsp.META_002dINF.views.framework.panic_jsp] HTTP POST /acme-incubator/META-INF/views/framework/page.jsp HTTP/1.1
ERROR [org.apache.jsp.META_002dINF.views.framework.panic_jsp] Status: 500
ERROR [org.apache.jsp.META_002dINF.views.framework.panic_jsp] Exception: java.lang.NullPointerException
ERROR [org.apache.catalina.util.LifecycleBase] at org.apache.catalina.connector.Connector.startInternal(Connector.java:1008): Protocol handler start failed
at sun.nio.ch.Net.bind0(Native Method): Address already in use
ERROR [org.springframework.boot.diagnostics.LoggingFailureAnalysisReporter] ***************************
APPLICATION FAILED TO START
***************************
Description:
The Tomcat connector configured to listen on port 8080 failed to start. The port may already be in use or the connector may be misconfigured.
Action:
Verify the connector's configuration, identify and stop any process that's listening on port 8080, or configure this application to listen on another port.
ERROR [org.apache.jsp.META_002dINF.views.framework.panic_jsp] HTTP POST /acme-incubator/META-INF/views/framework/page.jsp HTTP/1.1
ERROR [org.apache.jsp.META_002dINF.views.framework.panic_jsp] Status: 500
ERROR [org.apache.jsp.META_002dINF.views.framework.panic_jsp] Exception: java.lang.NullPointerException
ERROR [org.apache.catalina.core.ContainerBase.[Tomcat].[localhost].[/acme-incubator].[dispatcherServlet]] at acme.framework.utilities.RememberMeLogoutHandler.logout(RememberMeLogoutHandler.java:31): java.lang.AssertionError
ERROR [org.apache.jsp.META_002dINF.views.framework.panic_jsp] HTTP GET /acme-incubator/META-INF/views/framework/page.jsp HTTP/1.1
ERROR [org.apache.jsp.META_002dINF.views.framework.panic_jsp] Status: 404
